{"E:\\Express projects\\Project\\controllers\\employeeController\\employee.Controller.js": {"path":"E:\\Express projects\\Project\\controllers\\employeeController\\employee.Controller.js","statementMap":{"0":{"start":{"line":1,"column":15},"end":{"line":1,"column":47}},"1":{"start":{"line":2,"column":20},"end":{"line":2,"column":56}},"2":{"start":{"line":3,"column":13},"end":{"line":3,"column":40}},"3":{"start":{"line":4,"column":22},"end":{"line":4,"column":79}},"4":{"start":{"line":5,"column":22},"end":{"line":5,"column":66}},"5":{"start":{"line":6,"column":19},"end":{"line":6,"column":74}},"6":{"start":{"line":18,"column":23},"end":{"line":26,"column":1}},"7":{"start":{"line":19,"column":15},"end":{"line":19,"column":56}},"8":{"start":{"line":20,"column":4},"end":{"line":20,"column":25}},"9":{"start":{"line":21,"column":4},"end":{"line":25,"column":5}},"10":{"start":{"line":22,"column":25},"end":{"line":22,"column":76}},"11":{"start":{"line":23,"column":8},"end":{"line":23,"column":40}},"12":{"start":{"line":23,"column":16},"end":{"line":23,"column":40}},"13":{"start":{"line":24,"column":8},"end":{"line":24,"column":42}},"14":{"start":{"line":24,"column":17},"end":{"line":24,"column":42}},"15":{"start":{"line":38,"column":19},"end":{"line":45,"column":1}},"16":{"start":{"line":40,"column":12},"end":{"line":40,"column":53}},"17":{"start":{"line":41,"column":4},"end":{"line":41,"column":25}},"18":{"start":{"line":42,"column":25},"end":{"line":42,"column":67}},"19":{"start":{"line":43,"column":8},"end":{"line":43,"column":40}},"20":{"start":{"line":43,"column":16},"end":{"line":43,"column":40}},"21":{"start":{"line":44,"column":8},"end":{"line":44,"column":33}},"22":{"start":{"line":57,"column":16},"end":{"line":65,"column":1}},"23":{"start":{"line":58,"column":15},"end":{"line":58,"column":57}},"24":{"start":{"line":59,"column":4},"end":{"line":59,"column":25}},"25":{"start":{"line":60,"column":4},"end":{"line":64,"column":5}},"26":{"start":{"line":61,"column":25},"end":{"line":61,"column":65}},"27":{"start":{"line":62,"column":8},"end":{"line":62,"column":40}},"28":{"start":{"line":62,"column":16},"end":{"line":62,"column":40}},"29":{"start":{"line":63,"column":8},"end":{"line":63,"column":33}},"30":{"start":{"line":70,"column":0},"end":{"line":70,"column":86}},"31":{"start":{"line":72,"column":0},"end":{"line":72,"column":37}},"32":{"start":{"line":73,"column":0},"end":{"line":73,"column":43}},"33":{"start":{"line":75,"column":0},"end":{"line":75,"column":29}},"34":{"start":{"line":77,"column":0},"end":{"line":77,"column":54}}},"fnMap":{"0":{"name":"(anonymous_0)","decl":{"start":{"line":18,"column":23},"end":{"line":18,"column":24}},"loc":{"start":{"line":18,"column":46},"end":{"line":26,"column":1}},"line":18},"1":{"name":"(anonymous_1)","decl":{"start":{"line":38,"column":19},"end":{"line":38,"column":20}},"loc":{"start":{"line":39,"column":0},"end":{"line":45,"column":1}},"line":39},"2":{"name":"(anonymous_2)","decl":{"start":{"line":57,"column":16},"end":{"line":57,"column":17}},"loc":{"start":{"line":57,"column":39},"end":{"line":65,"column":1}},"line":57}},"branchMap":{"0":{"loc":{"start":{"line":19,"column":15},"end":{"line":19,"column":56}},"type":"cond-expr","locations":[{"start":{"line":19,"column":34},"end":{"line":19,"column":49}},{"start":{"line":19,"column":52},"end":{"line":19,"column":56}}],"line":19},"1":{"loc":{"start":{"line":19,"column":15},"end":{"line":19,"column":30}},"type":"binary-expr","locations":[{"start":{"line":19,"column":15},"end":{"line":19,"column":18}},{"start":{"line":19,"column":22},"end":{"line":19,"column":30}}],"line":19},"2":{"loc":{"start":{"line":19,"column":34},"end":{"line":19,"column":49}},"type":"binary-expr","locations":[{"start":{"line":19,"column":34},"end":{"line":19,"column":37}},{"start":{"line":19,"column":41},"end":{"line":19,"column":49}}],"line":19},"3":{"loc":{"start":{"line":21,"column":4},"end":{"line":25,"column":5}},"type":"if","locations":[{"start":{"line":21,"column":4},"end":{"line":25,"column":5}},{"start":{},"end":{}}],"line":21},"4":{"loc":{"start":{"line":23,"column":8},"end":{"line":23,"column":40}},"type":"if","locations":[{"start":{"line":23,"column":8},"end":{"line":23,"column":40}},{"start":{},"end":{}}],"line":23},"5":{"loc":{"start":{"line":24,"column":8},"end":{"line":24,"column":42}},"type":"if","locations":[{"start":{"line":24,"column":8},"end":{"line":24,"column":42}},{"start":{},"end":{}}],"line":24},"6":{"loc":{"start":{"line":40,"column":12},"end":{"line":40,"column":53}},"type":"cond-expr","locations":[{"start":{"line":40,"column":33},"end":{"line":40,"column":46}},{"start":{"line":40,"column":49},"end":{"line":40,"column":53}}],"line":40},"7":{"loc":{"start":{"line":40,"column":12},"end":{"line":40,"column":29}},"type":"binary-expr","locations":[{"start":{"line":40,"column":12},"end":{"line":40,"column":15}},{"start":{"line":40,"column":19},"end":{"line":40,"column":29}}],"line":40},"8":{"loc":{"start":{"line":43,"column":8},"end":{"line":43,"column":40}},"type":"if","locations":[{"start":{"line":43,"column":8},"end":{"line":43,"column":40}},{"start":{},"end":{}}],"line":43},"9":{"loc":{"start":{"line":58,"column":15},"end":{"line":58,"column":57}},"type":"cond-expr","locations":[{"start":{"line":58,"column":34},"end":{"line":58,"column":49}},{"start":{"line":58,"column":53},"end":{"line":58,"column":57}}],"line":58},"10":{"loc":{"start":{"line":58,"column":15},"end":{"line":58,"column":30}},"type":"binary-expr","locations":[{"start":{"line":58,"column":15},"end":{"line":58,"column":18}},{"start":{"line":58,"column":22},"end":{"line":58,"column":30}}],"line":58},"11":{"loc":{"start":{"line":58,"column":34},"end":{"line":58,"column":49}},"type":"binary-expr","locations":[{"start":{"line":58,"column":34},"end":{"line":58,"column":37}},{"start":{"line":58,"column":41},"end":{"line":58,"column":49}}],"line":58},"12":{"loc":{"start":{"line":60,"column":4},"end":{"line":64,"column":5}},"type":"if","locations":[{"start":{"line":60,"column":4},"end":{"line":64,"column":5}},{"start":{},"end":{}}],"line":60},"13":{"loc":{"start":{"line":62,"column":8},"end":{"line":62,"column":40}},"type":"if","locations":[{"start":{"line":62,"column":8},"end":{"line":62,"column":40}},{"start":{},"end":{}}],"line":62}},"s":{"0":1,"1":1,"2":1,"3":1,"4":1,"5":1,"6":1,"7":2,"8":2,"9":2,"10":2,"11":2,"12":1,"13":1,"14":1,"15":1,"16":4,"17":4,"18":4,"19":4,"20":3,"21":1,"22":1,"23":2,"24":2,"25":2,"26":2,"27":2,"28":1,"29":1,"30":1,"31":1,"32":1,"33":1,"34":1},"f":{"0":2,"1":4,"2":2},"b":{"0":[2,0],"1":[2,2],"2":[2,2],"3":[2,0],"4":[1,1],"5":[1,0],"6":[4,0],"7":[4,4],"8":[3,1],"9":[2,0],"10":[2,2],"11":[2,2],"12":[2,0],"13":[1,1]},"_coverageSchema":"1a1c01bbd47fc00a2c39e90264f33305004495a9","hash":"7afa644cfae6736e0259fc86f868c5990423a7f8"}
,"E:\\Express projects\\Project\\controllers\\settingsController\\settings.Controller.js": {"path":"E:\\Express projects\\Project\\controllers\\settingsController\\settings.Controller.js","statementMap":{"0":{"start":{"line":1,"column":17},"end":{"line":1,"column":51}},"1":{"start":{"line":2,"column":11},"end":{"line":2,"column":39}},"2":{"start":{"line":3,"column":20},"end":{"line":3,"column":56}},"3":{"start":{"line":4,"column":13},"end":{"line":4,"column":40}},"4":{"start":{"line":5,"column":21},"end":{"line":5,"column":78}},"5":{"start":{"line":6,"column":22},"end":{"line":6,"column":66}},"6":{"start":{"line":7,"column":19},"end":{"line":7,"column":74}},"7":{"start":{"line":20,"column":25},"end":{"line":28,"column":1}},"8":{"start":{"line":22,"column":4},"end":{"line":22,"column":25}},"9":{"start":{"line":24,"column":25},"end":{"line":24,"column":76}},"10":{"start":{"line":25,"column":8},"end":{"line":25,"column":40}},"11":{"start":{"line":25,"column":16},"end":{"line":25,"column":40}},"12":{"start":{"line":26,"column":8},"end":{"line":26,"column":42}},"13":{"start":{"line":26,"column":17},"end":{"line":26,"column":42}},"14":{"start":{"line":40,"column":19},"end":{"line":49,"column":1}},"15":{"start":{"line":41,"column":15},"end":{"line":41,"column":56}},"16":{"start":{"line":42,"column":4},"end":{"line":42,"column":25}},"17":{"start":{"line":43,"column":4},"end":{"line":48,"column":5}},"18":{"start":{"line":45,"column":25},"end":{"line":45,"column":52}},"19":{"start":{"line":46,"column":8},"end":{"line":46,"column":40}},"20":{"start":{"line":46,"column":16},"end":{"line":46,"column":40}},"21":{"start":{"line":47,"column":8},"end":{"line":47,"column":42}},"22":{"start":{"line":47,"column":17},"end":{"line":47,"column":42}},"23":{"start":{"line":60,"column":19},"end":{"line":68,"column":1}},"24":{"start":{"line":61,"column":15},"end":{"line":61,"column":56}},"25":{"start":{"line":62,"column":4},"end":{"line":62,"column":25}},"26":{"start":{"line":63,"column":4},"end":{"line":67,"column":5}},"27":{"start":{"line":64,"column":25},"end":{"line":64,"column":69}},"28":{"start":{"line":65,"column":8},"end":{"line":65,"column":40}},"29":{"start":{"line":65,"column":16},"end":{"line":65,"column":40}},"30":{"start":{"line":66,"column":8},"end":{"line":66,"column":42}},"31":{"start":{"line":66,"column":17},"end":{"line":66,"column":42}},"32":{"start":{"line":90,"column":0},"end":{"line":90,"column":89}},"33":{"start":{"line":91,"column":0},"end":{"line":91,"column":38}},"34":{"start":{"line":92,"column":0},"end":{"line":92,"column":38}},"35":{"start":{"line":97,"column":0},"end":{"line":97,"column":29}},"36":{"start":{"line":98,"column":0},"end":{"line":98,"column":55}}},"fnMap":{"0":{"name":"(anonymous_0)","decl":{"start":{"line":20,"column":25},"end":{"line":20,"column":26}},"loc":{"start":{"line":20,"column":48},"end":{"line":28,"column":1}},"line":20},"1":{"name":"(anonymous_1)","decl":{"start":{"line":40,"column":19},"end":{"line":40,"column":20}},"loc":{"start":{"line":40,"column":42},"end":{"line":49,"column":1}},"line":40},"2":{"name":"(anonymous_2)","decl":{"start":{"line":60,"column":19},"end":{"line":60,"column":20}},"loc":{"start":{"line":60,"column":42},"end":{"line":68,"column":1}},"line":60}},"branchMap":{"0":{"loc":{"start":{"line":25,"column":8},"end":{"line":25,"column":40}},"type":"if","locations":[{"start":{"line":25,"column":8},"end":{"line":25,"column":40}},{"start":{},"end":{}}],"line":25},"1":{"loc":{"start":{"line":26,"column":8},"end":{"line":26,"column":42}},"type":"if","locations":[{"start":{"line":26,"column":8},"end":{"line":26,"column":42}},{"start":{},"end":{}}],"line":26},"2":{"loc":{"start":{"line":41,"column":15},"end":{"line":41,"column":56}},"type":"cond-expr","locations":[{"start":{"line":41,"column":34},"end":{"line":41,"column":49}},{"start":{"line":41,"column":52},"end":{"line":41,"column":56}}],"line":41},"3":{"loc":{"start":{"line":41,"column":15},"end":{"line":41,"column":30}},"type":"binary-expr","locations":[{"start":{"line":41,"column":15},"end":{"line":41,"column":18}},{"start":{"line":41,"column":22},"end":{"line":41,"column":30}}],"line":41},"4":{"loc":{"start":{"line":41,"column":34},"end":{"line":41,"column":49}},"type":"binary-expr","locations":[{"start":{"line":41,"column":34},"end":{"line":41,"column":37}},{"start":{"line":41,"column":41},"end":{"line":41,"column":49}}],"line":41},"5":{"loc":{"start":{"line":43,"column":4},"end":{"line":48,"column":5}},"type":"if","locations":[{"start":{"line":43,"column":4},"end":{"line":48,"column":5}},{"start":{},"end":{}}],"line":43},"6":{"loc":{"start":{"line":46,"column":8},"end":{"line":46,"column":40}},"type":"if","locations":[{"start":{"line":46,"column":8},"end":{"line":46,"column":40}},{"start":{},"end":{}}],"line":46},"7":{"loc":{"start":{"line":47,"column":8},"end":{"line":47,"column":42}},"type":"if","locations":[{"start":{"line":47,"column":8},"end":{"line":47,"column":42}},{"start":{},"end":{}}],"line":47},"8":{"loc":{"start":{"line":61,"column":15},"end":{"line":61,"column":56}},"type":"cond-expr","locations":[{"start":{"line":61,"column":34},"end":{"line":61,"column":49}},{"start":{"line":61,"column":52},"end":{"line":61,"column":56}}],"line":61},"9":{"loc":{"start":{"line":61,"column":15},"end":{"line":61,"column":30}},"type":"binary-expr","locations":[{"start":{"line":61,"column":15},"end":{"line":61,"column":18}},{"start":{"line":61,"column":22},"end":{"line":61,"column":30}}],"line":61},"10":{"loc":{"start":{"line":61,"column":34},"end":{"line":61,"column":49}},"type":"binary-expr","locations":[{"start":{"line":61,"column":34},"end":{"line":61,"column":37}},{"start":{"line":61,"column":41},"end":{"line":61,"column":49}}],"line":61},"11":{"loc":{"start":{"line":63,"column":4},"end":{"line":67,"column":5}},"type":"if","locations":[{"start":{"line":63,"column":4},"end":{"line":67,"column":5}},{"start":{},"end":{}}],"line":63},"12":{"loc":{"start":{"line":65,"column":8},"end":{"line":65,"column":40}},"type":"if","locations":[{"start":{"line":65,"column":8},"end":{"line":65,"column":40}},{"start":{},"end":{}}],"line":65},"13":{"loc":{"start":{"line":66,"column":8},"end":{"line":66,"column":42}},"type":"if","locations":[{"start":{"line":66,"column":8},"end":{"line":66,"column":42}},{"start":{},"end":{}}],"line":66}},"s":{"0":1,"1":1,"2":1,"3":1,"4":1,"5":1,"6":1,"7":1,"8":4,"9":4,"10":4,"11":2,"12":2,"13":2,"14":1,"15":2,"16":2,"17":2,"18":2,"19":2,"20":1,"21":1,"22":1,"23":1,"24":2,"25":2,"26":2,"27":2,"28":2,"29":1,"30":1,"31":1,"32":1,"33":1,"34":1,"35":1,"36":1},"f":{"0":4,"1":2,"2":2},"b":{"0":[2,2],"1":[2,0],"2":[2,0],"3":[2,2],"4":[2,2],"5":[2,0],"6":[1,1],"7":[1,0],"8":[2,0],"9":[2,2],"10":[2,2],"11":[2,0],"12":[1,1],"13":[1,0]},"_coverageSchema":"1a1c01bbd47fc00a2c39e90264f33305004495a9","hash":"e017831cc115f73e1565fc67595112d06fea1b0c"}
,"E:\\Express projects\\Project\\services\\employeeService\\employeeService.js": {"path":"E:\\Express projects\\Project\\services\\employeeService\\employeeService.js","statementMap":{"0":{"start":{"line":1,"column":15},"end":{"line":1,"column":47}},"1":{"start":{"line":2,"column":26},"end":{"line":2,"column":58}},"2":{"start":{"line":3,"column":15},"end":{"line":3,"column":51}},"3":{"start":{"line":4,"column":9},"end":{"line":4,"column":38}},"4":{"start":{"line":5,"column":21},"end":{"line":5,"column":66}},"5":{"start":{"line":17,"column":22},"end":{"line":25,"column":1}},"6":{"start":{"line":19,"column":29},"end":{"line":19,"column":60}},"7":{"start":{"line":20,"column":4},"end":{"line":23,"column":5}},"8":{"start":{"line":21,"column":5},"end":{"line":21,"column":22}},"9":{"start":{"line":22,"column":8},"end":{"line":22,"column":31}},"10":{"start":{"line":24,"column":4},"end":{"line":24,"column":24}},"11":{"start":{"line":38,"column":19},"end":{"line":58,"column":5}},"12":{"start":{"line":40,"column":33},"end":{"line":44,"column":11}},"13":{"start":{"line":45,"column":8},"end":{"line":45,"column":40}},"14":{"start":{"line":45,"column":17},"end":{"line":45,"column":40}},"15":{"start":{"line":48,"column":8},"end":{"line":48,"column":116}},"16":{"start":{"line":49,"column":8},"end":{"line":49,"column":35}},"17":{"start":{"line":49,"column":17},"end":{"line":49,"column":35}},"18":{"start":{"line":50,"column":8},"end":{"line":50,"column":134}},"19":{"start":{"line":54,"column":8},"end":{"line":54,"column":49}},"20":{"start":{"line":55,"column":8},"end":{"line":55,"column":61}},"21":{"start":{"line":57,"column":8},"end":{"line":57,"column":28}},"22":{"start":{"line":60,"column":16},"end":{"line":78,"column":1}},"23":{"start":{"line":61,"column":13},"end":{"line":61,"column":22}},"24":{"start":{"line":62,"column":15},"end":{"line":62,"column":26}},"25":{"start":{"line":63,"column":29},"end":{"line":72,"column":7}},"26":{"start":{"line":73,"column":4},"end":{"line":76,"column":5}},"27":{"start":{"line":74,"column":5},"end":{"line":74,"column":22}},"28":{"start":{"line":75,"column":8},"end":{"line":75,"column":31}},"29":{"start":{"line":77,"column":4},"end":{"line":77,"column":24}},"30":{"start":{"line":89,"column":0},"end":{"line":89,"column":56}}},"fnMap":{"0":{"name":"(anonymous_0)","decl":{"start":{"line":17,"column":22},"end":{"line":17,"column":23}},"loc":{"start":{"line":17,"column":42},"end":{"line":25,"column":1}},"line":17},"1":{"name":"(anonymous_1)","decl":{"start":{"line":38,"column":19},"end":{"line":38,"column":20}},"loc":{"start":{"line":38,"column":40},"end":{"line":58,"column":5}},"line":38},"2":{"name":"(anonymous_2)","decl":{"start":{"line":60,"column":16},"end":{"line":60,"column":17}},"loc":{"start":{"line":60,"column":36},"end":{"line":78,"column":1}},"line":60}},"branchMap":{"0":{"loc":{"start":{"line":20,"column":4},"end":{"line":23,"column":5}},"type":"if","locations":[{"start":{"line":20,"column":4},"end":{"line":23,"column":5}},{"start":{},"end":{}}],"line":20},"1":{"loc":{"start":{"line":45,"column":8},"end":{"line":45,"column":40}},"type":"if","locations":[{"start":{"line":45,"column":8},"end":{"line":45,"column":40}},{"start":{},"end":{}}],"line":45},"2":{"loc":{"start":{"line":49,"column":8},"end":{"line":49,"column":35}},"type":"if","locations":[{"start":{"line":49,"column":8},"end":{"line":49,"column":35}},{"start":{},"end":{}}],"line":49},"3":{"loc":{"start":{"line":73,"column":4},"end":{"line":76,"column":5}},"type":"if","locations":[{"start":{"line":73,"column":4},"end":{"line":76,"column":5}},{"start":{},"end":{}}],"line":73}},"s":{"0":1,"1":1,"2":1,"3":1,"4":1,"5":1,"6":2,"7":2,"8":1,"9":1,"10":1,"11":1,"12":4,"13":4,"14":1,"15":3,"16":3,"17":2,"18":1,"19":1,"20":1,"21":1,"22":1,"23":2,"24":2,"25":2,"26":2,"27":1,"28":1,"29":1,"30":1},"f":{"0":2,"1":4,"2":2},"b":{"0":[1,1],"1":[1,3],"2":[2,1],"3":[1,1]},"_coverageSchema":"1a1c01bbd47fc00a2c39e90264f33305004495a9","hash":"3f0a81e9e87dc8545cec3011bc40dfc2183e91c9"}
,"E:\\Express projects\\Project\\services\\settingsService\\settingsService.js": {"path":"E:\\Express projects\\Project\\services\\settingsService\\settingsService.js","statementMap":{"0":{"start":{"line":1,"column":17},"end":{"line":1,"column":51}},"1":{"start":{"line":2,"column":11},"end":{"line":2,"column":39}},"2":{"start":{"line":3,"column":23},"end":{"line":3,"column":59}},"3":{"start":{"line":16,"column":25},"end":{"line":24,"column":1}},"4":{"start":{"line":18,"column":4},"end":{"line":18,"column":25}},"5":{"start":{"line":20,"column":25},"end":{"line":20,"column":62}},"6":{"start":{"line":21,"column":8},"end":{"line":21,"column":33}},"7":{"start":{"line":21,"column":16},"end":{"line":21,"column":33}},"8":{"start":{"line":22,"column":8},"end":{"line":22,"column":29}},"9":{"start":{"line":22,"column":17},"end":{"line":22,"column":29}},"10":{"start":{"line":35,"column":19},"end":{"line":52,"column":1}},"11":{"start":{"line":37,"column":4},"end":{"line":37,"column":25}},"12":{"start":{"line":39,"column":25},"end":{"line":45,"column":10}},"13":{"start":{"line":46,"column":8},"end":{"line":49,"column":9}},"14":{"start":{"line":47,"column":12},"end":{"line":47,"column":40}},"15":{"start":{"line":48,"column":12},"end":{"line":48,"column":29}},"16":{"start":{"line":50,"column":8},"end":{"line":50,"column":29}},"17":{"start":{"line":50,"column":17},"end":{"line":50,"column":29}},"18":{"start":{"line":63,"column":14},"end":{"line":74,"column":1}},"19":{"start":{"line":66,"column":4},"end":{"line":66,"column":20}},"20":{"start":{"line":67,"column":22},"end":{"line":71,"column":7}},"21":{"start":{"line":72,"column":4},"end":{"line":72,"column":35}},"22":{"start":{"line":72,"column":12},"end":{"line":72,"column":35}},"23":{"start":{"line":73,"column":4},"end":{"line":73,"column":20}},"24":{"start":{"line":86,"column":20},"end":{"line":95,"column":1}},"25":{"start":{"line":88,"column":28},"end":{"line":92,"column":7}},"26":{"start":{"line":93,"column":4},"end":{"line":93,"column":35}},"27":{"start":{"line":93,"column":12},"end":{"line":93,"column":35}},"28":{"start":{"line":94,"column":4},"end":{"line":94,"column":25}},"29":{"start":{"line":96,"column":0},"end":{"line":96,"column":67}}},"fnMap":{"0":{"name":"(anonymous_0)","decl":{"start":{"line":16,"column":25},"end":{"line":16,"column":26}},"loc":{"start":{"line":16,"column":45},"end":{"line":24,"column":1}},"line":16},"1":{"name":"(anonymous_1)","decl":{"start":{"line":35,"column":19},"end":{"line":35,"column":20}},"loc":{"start":{"line":35,"column":39},"end":{"line":52,"column":1}},"line":35},"2":{"name":"(anonymous_2)","decl":{"start":{"line":63,"column":14},"end":{"line":63,"column":15}},"loc":{"start":{"line":65,"column":0},"end":{"line":74,"column":1}},"line":65},"3":{"name":"(anonymous_3)","decl":{"start":{"line":86,"column":20},"end":{"line":86,"column":21}},"loc":{"start":{"line":87,"column":0},"end":{"line":95,"column":1}},"line":87}},"branchMap":{"0":{"loc":{"start":{"line":21,"column":8},"end":{"line":21,"column":33}},"type":"if","locations":[{"start":{"line":21,"column":8},"end":{"line":21,"column":33}},{"start":{},"end":{}}],"line":21},"1":{"loc":{"start":{"line":22,"column":8},"end":{"line":22,"column":29}},"type":"if","locations":[{"start":{"line":22,"column":8},"end":{"line":22,"column":29}},{"start":{},"end":{}}],"line":22},"2":{"loc":{"start":{"line":46,"column":8},"end":{"line":49,"column":9}},"type":"if","locations":[{"start":{"line":46,"column":8},"end":{"line":49,"column":9}},{"start":{},"end":{}}],"line":46},"3":{"loc":{"start":{"line":50,"column":8},"end":{"line":50,"column":29}},"type":"if","locations":[{"start":{"line":50,"column":8},"end":{"line":50,"column":29}},{"start":{},"end":{}}],"line":50},"4":{"loc":{"start":{"line":72,"column":4},"end":{"line":72,"column":35}},"type":"if","locations":[{"start":{"line":72,"column":4},"end":{"line":72,"column":35}},{"start":{},"end":{}}],"line":72},"5":{"loc":{"start":{"line":93,"column":4},"end":{"line":93,"column":35}},"type":"if","locations":[{"start":{"line":93,"column":4},"end":{"line":93,"column":35}},{"start":{},"end":{}}],"line":93}},"s":{"0":3,"1":3,"2":3,"3":3,"4":4,"5":4,"6":4,"7":2,"8":2,"9":2,"10":3,"11":2,"12":2,"13":2,"14":1,"15":1,"16":1,"17":1,"18":3,"19":2,"20":2,"21":2,"22":1,"23":1,"24":3,"25":2,"26":2,"27":1,"28":1,"29":3},"f":{"0":4,"1":2,"2":2,"3":2},"b":{"0":[2,2],"1":[2,0],"2":[1,1],"3":[1,0],"4":[1,1],"5":[1,1]},"_coverageSchema":"1a1c01bbd47fc00a2c39e90264f33305004495a9","hash":"b21adc55b2f17d607fe132aed4afb4e54164917f"}
}
