TN:
SF:controllers\employeeController\employee.Controller.js
FN:18,(anonymous_0)
FN:38,(anonymous_1)
FN:57,(anonymous_2)
FNF:3
FNH:3
FNDA:2,(anonymous_0)
FNDA:4,(anonymous_1)
FNDA:2,(anonymous_2)
DA:1,1
DA:2,1
DA:3,1
DA:4,1
DA:5,1
DA:6,1
DA:18,1
DA:19,2
DA:20,2
DA:21,2
DA:22,2
DA:23,2
DA:24,1
DA:38,1
DA:40,4
DA:41,4
DA:42,4
DA:43,4
DA:44,1
DA:57,1
DA:58,2
DA:59,2
DA:60,2
DA:61,2
DA:62,2
DA:63,1
DA:70,1
DA:72,1
DA:73,1
DA:75,1
DA:77,1
LF:31
LH:31
BRDA:19,0,0,2
BRDA:19,0,1,0
BRDA:19,1,0,2
BRDA:19,1,1,2
BRDA:19,2,0,2
BRDA:19,2,1,2
BRDA:21,3,0,2
BRDA:21,3,1,0
BRDA:23,4,0,1
BRDA:23,4,1,1
BRDA:24,5,0,1
BRDA:24,5,1,0
BRDA:40,6,0,4
BRDA:40,6,1,0
BRDA:40,7,0,4
BRDA:40,7,1,4
BRDA:43,8,0,3
BRDA:43,8,1,1
BRDA:58,9,0,2
BRDA:58,9,1,0
BRDA:58,10,0,2
BRDA:58,10,1,2
BRDA:58,11,0,2
BRDA:58,11,1,2
BRDA:60,12,0,2
BRDA:60,12,1,0
BRDA:62,13,0,1
BRDA:62,13,1,1
BRF:28
BRH:22
end_of_record
TN:
SF:controllers\settingsController\settings.Controller.js
FN:20,(anonymous_0)
FN:40,(anonymous_1)
FN:60,(anonymous_2)
FNF:3
FNH:3
FNDA:4,(anonymous_0)
FNDA:2,(anonymous_1)
FNDA:2,(anonymous_2)
DA:1,1
DA:2,1
DA:3,1
DA:4,1
DA:5,1
DA:6,1
DA:7,1
DA:20,1
DA:22,4
DA:24,4
DA:25,4
DA:26,2
DA:40,1
DA:41,2
DA:42,2
DA:43,2
DA:45,2
DA:46,2
DA:47,1
DA:60,1
DA:61,2
DA:62,2
DA:63,2
DA:64,2
DA:65,2
DA:66,1
DA:90,1
DA:91,1
DA:92,1
DA:97,1
DA:98,1
LF:31
LH:31
BRDA:25,0,0,2
BRDA:25,0,1,2
BRDA:26,1,0,2
BRDA:26,1,1,0
BRDA:41,2,0,2
BRDA:41,2,1,0
BRDA:41,3,0,2
BRDA:41,3,1,2
BRDA:41,4,0,2
BRDA:41,4,1,2
BRDA:43,5,0,2
BRDA:43,5,1,0
BRDA:46,6,0,1
BRDA:46,6,1,1
BRDA:47,7,0,1
BRDA:47,7,1,0
BRDA:61,8,0,2
BRDA:61,8,1,0
BRDA:61,9,0,2
BRDA:61,9,1,2
BRDA:61,10,0,2
BRDA:61,10,1,2
BRDA:63,11,0,2
BRDA:63,11,1,0
BRDA:65,12,0,1
BRDA:65,12,1,1
BRDA:66,13,0,1
BRDA:66,13,1,0
BRF:28
BRH:21
end_of_record
TN:
SF:services\employeeService\employeeService.js
FN:17,(anonymous_0)
FN:38,(anonymous_1)
FN:60,(anonymous_2)
FNF:3
FNH:3
FNDA:2,(anonymous_0)
FNDA:4,(anonymous_1)
FNDA:2,(anonymous_2)
DA:1,1
DA:2,1
DA:3,1
DA:4,1
DA:5,1
DA:17,1
DA:19,2
DA:20,2
DA:21,1
DA:22,1
DA:24,1
DA:38,1
DA:40,4
DA:45,4
DA:48,3
DA:49,3
DA:50,1
DA:54,1
DA:55,1
DA:57,1
DA:60,1
DA:61,2
DA:62,2
DA:63,2
DA:73,2
DA:74,1
DA:75,1
DA:77,1
DA:89,1
LF:29
LH:29
BRDA:20,0,0,1
BRDA:20,0,1,1
BRDA:45,1,0,1
BRDA:45,1,1,3
BRDA:49,2,0,2
BRDA:49,2,1,1
BRDA:73,3,0,1
BRDA:73,3,1,1
BRF:8
BRH:8
end_of_record
TN:
SF:services\settingsService\settingsService.js
FN:16,(anonymous_0)
FN:35,(anonymous_1)
FN:63,(anonymous_2)
FN:86,(anonymous_3)
FNF:4
FNH:4
FNDA:4,(anonymous_0)
FNDA:2,(anonymous_1)
FNDA:2,(anonymous_2)
FNDA:2,(anonymous_3)
DA:1,3
DA:2,3
DA:3,3
DA:16,3
DA:18,4
DA:20,4
DA:21,4
DA:22,2
DA:35,3
DA:37,2
DA:39,2
DA:46,2
DA:47,1
DA:48,1
DA:50,1
DA:63,3
DA:66,2
DA:67,2
DA:72,2
DA:73,1
DA:86,3
DA:88,2
DA:93,2
DA:94,1
DA:96,3
LF:25
LH:25
BRDA:21,0,0,2
BRDA:21,0,1,2
BRDA:22,1,0,2
BRDA:22,1,1,0
BRDA:46,2,0,1
BRDA:46,2,1,1
BRDA:50,3,0,1
BRDA:50,3,1,0
BRDA:72,4,0,1
BRDA:72,4,1,1
BRDA:93,5,0,1
BRDA:93,5,1,1
BRF:12
BRH:10
end_of_record
